C51 COMPILER V9.02   116                                                                   12/29/2016 20:23:57 PAGE 1   


C51 COMPILER V9.02, COMPILATION OF MODULE 116
OBJECT MODULE PLACED IN 116.OBJ
COMPILER INVOKED BY: C:\Keil\C51\BIN\C51.EXE 116.c BROWSE DEBUG OBJECTEXTEND

line level    source

   1          #include "reg52.h"
   2          #include "hd7279.h"
   3          int s=0,a=1;
   4          int score1=0,score2=0,change=0;
   5          unsigned char i=20;
   6          void Delay_ms(unsigned int Ms)//延时函数
   7          {
   8   1              int us,usn;
   9   1              while(Ms!=0)
  10   1              { 
  11   2                      usn = 4;
  12   2                      while(usn!=0)
  13   2                      {
  14   3                              us=0xfa;
  15   3                              while (us!=0){us--;};
  16   3                              usn--;
  17   3                      }
  18   2                      Ms--;
  19   2              }
  20   1      }
  21          void time(void)//时间函数
  22          {
  23   1              TMOD=0x01;
  24   1              TH0=0x3c;
  25   1              TL0=0xb0;
  26   1              EA=1;
  27   1      }
  28          void display(int s)//显示函数
  29          {
  30   1                              write_hd7279(HD7279_DECODE0,(s%60)%10);  //显示时间
  31   1                              write_hd7279(HD7279_DECODE0+1,(s%60)/10);
  32   1                              write_hd7279(HD7279_DECODE0+2,(s/60)%10);
  33   1                              write_hd7279(HD7279_DECODE0+3,(s/60)/10);
  34   1                              write_hd7279(HD7279_DECODE0+5,score2/10);//显示乙的比分
  35   1                              write_hd7279(HD7279_DECODE0+4,score2%10);
  36   1                              write_hd7279(HD7279_DECODE0+7,score1/10);//显示甲的比分
  37   1                              write_hd7279(HD7279_DECODE0+6,score1%10);
  38   1      }
  39          void T0_int(void) interrupt 1//中断服务子程序
  40          {
  41   1              TH0=0x3c;
  42   1              TL0=0xb0;
  43   1              i--;
  44   1              display(s);
  45   1              if(i<=0)
  46   1              {
  47   2                      i=20;
  48   2                      if(a==0&&s>0)
  49   2                              s=s-1;
  50   2                      else if (a==0&&s==0)
  51   2                              send_byte(HD7279_FLASH );
  52   2                      else 
  53   2                              s=s;
  54   2              }
  55   1      }
C51 COMPILER V9.02   116                                                                   12/29/2016 20:23:57 PAGE 2   

  56          void main()
  57          {
  58   1              unsigned char j;
  59   1              send_byte(HD7279_RESET);
  60   1              Delay_ms(50);
  61   1              TR0=1,ET0=1;
  62   1              j=0xff; 
  63   1              HD7279A_KEY=1;
  64   1              time();
  65   1              while(1)
  66   1              {
  67   2                      while(!HD7279A_KEY)
  68   2                      {
  69   3                              j=read_hd7279(HD7279_READ);
  70   3                              switch(j)
  71   3                              {
  72   4                                      case 0x3f:score1=score1+1;break;//甲+1分
  73   4                                      case 0x3e:score1=score1+2;break;//甲+2分
  74   4                                      case 0x3d:score1=score1+3;break;//甲+3分
  75   4                                      case 0x3c:score1=score1-1;break;//甲-1分
  76   4                                      case 0x37:score2=score2+1;break;//乙+1分
  77   4                                      case 0x36:score2=score2+2;break;//乙+2分
  78   4                                      case 0x35:score2=score2+3;break;//乙+3分
  79   4                                      case 0x34:score2=score2-1;break;//乙-1分
  80   4                                      case 0x2f:s=s+60;break;//设置时间(+1min)
  81   4                                      case 0x2e:s=s+30;break;//设置时间(+30s)
  82   4                                      case 0x2d:a=0;break;//比赛开始
  83   4                                      case 0x2c:a=1;break;//比赛暂停
  84   4                                      case 0x27:                                 //交换分数
  85   4                                      {
  86   5                                              change=score1;
  87   5                                              score1=score2;
  88   5                                              score2=change;;
  89   5                                      }
  90   4                                      break;  
  91   4                                      case 0x26:send_byte(HD7279_RESET);break;        
  92   4                              }
  93   3                                      while(!HD7279A_KEY);
  94   3                      }
  95   2                              
  96   2              }
  97   1      }
  98          


MODULE INFORMATION:   STATIC OVERLAYABLE
   CODE SIZE        =    684    ----
   CONSTANT SIZE    =   ----    ----
   XDATA SIZE       =   ----    ----
   PDATA SIZE       =   ----    ----
   DATA SIZE        =     11    ----
   IDATA SIZE       =   ----    ----
   BIT SIZE         =   ----    ----
END OF MODULE INFORMATION.


C51 COMPILATION COMPLETE.  0 WARNING(S),  0 ERROR(S)
